Using pre-set license

 COMMAND LINE ARGUMENTS:
/Applications/Unity/Hub/Editor/2020.2.1f1/Unity.app/Contents/MacOS/Unity
-adb2
-batchMode
-noUpm
-name
AssetImportWorker0
-projectPath
/Users/dias/Idle Transport
-logFile
Logs/AssetImportWorker0.log
-srvPort
51810
Successfully changed project path to: /Users/dias/Idle Transport
/Users/dias/Idle Transport
Using Asset Import Pipeline V2.
Refreshing native plugins compatible for Editor in 24.63 ms, found 1 plugins.
Preloading 0 native plugins for Editor in 0.00 ms.
Initialize engine version: 2020.2.1f1 (270dd8c3da1c)
[Subsystems] Discovering subsystems at path /Applications/Unity/Hub/Editor/2020.2.1f1/Unity.app/Contents/Resources/UnitySubsystems
[Subsystems] Discovering subsystems at path /Users/dias/Idle Transport/Assets
GfxDevice: creating device client; threaded=0
2021-02-07 20:06:45.811 Unity[11049:805117] Color LCD preferred device: Intel(R) Iris(TM) Plus Graphics (low power)
2021-02-07 20:06:45.811 Unity[11049:805117] Metal devices available: 1
2021-02-07 20:06:45.811 Unity[11049:805117] 0: Intel(R) Iris(TM) Plus Graphics (low power)
2021-02-07 20:06:45.811 Unity[11049:805117] Using device Intel(R) Iris(TM) Plus Graphics (low power)
Initializing Metal device caps: Intel(R) Iris(TM) Plus Graphics
Initialize mono
Mono path[0] = '/Applications/Unity/Hub/Editor/2020.2.1f1/Unity.app/Contents/Managed'
Mono path[1] = '/Applications/Unity/Hub/Editor/2020.2.1f1/Unity.app/Contents/MonoBleedingEdge/lib/mono/unityjit'
Mono config path = '/Applications/Unity/Hub/Editor/2020.2.1f1/Unity.app/Contents/MonoBleedingEdge/etc'
Using monoOptions --debugger-agent=transport=dt_socket,embedding=1,server=y,suspend=n,address=127.0.0.1:56049
Begin MonoManager ReloadAssembly
Registering precompiled unity dll's ...
Register platform support module: /Applications/Unity/Hub/Editor/2020.2.1f1/Unity.app/Contents/PlaybackEngines/MacStandaloneSupport/UnityEditor.OSXStandalone.Extensions.dll
Registered in 0.000554 seconds.
Native extension for OSXStandalone target not found
Refreshing native plugins compatible for Editor in 28.30 ms, found 1 plugins.
Preloading 0 native plugins for Editor in 0.00 ms.
Invoked RoslynAnalysisRunner static constructor.
RoslynAnalysisRunner will not be running.
RoslynAnalysisRunner has terminated.
Mono: successfully reloaded assembly
- Completed reload, in  4.959 seconds
Platform modules already initialized, skipping
Registering precompiled user dll's ...
Registered in 0.000370 seconds.
Begin MonoManager ReloadAssembly
Native extension for OSXStandalone target not found
Refreshing native plugins compatible for Editor in 0.22 ms, found 1 plugins.
Preloading 0 native plugins for Editor in 0.00 ms.
Invoked RoslynAnalysisRunner static constructor.
RoslynAnalysisRunner will not be running.
RoslynAnalysisRunner has terminated.
Mono: successfully reloaded assembly
- Completed reload, in  1.054 seconds
Platform modules already initialized, skipping
========================================================================
Worker process is ready to serve import requests
Launching external process: /Applications/Unity/Hub/Editor/2020.2.1f1/Unity.app/Contents/Tools/UnityShaderCompiler
Launched and connected shader compiler UnityShaderCompiler after 0.02 seconds
Refreshing native plugins compatible for Editor in 0.22 ms, found 1 plugins.
Preloading 0 native plugins for Editor in 0.00 ms.
Unloading 1120 Unused Serialized files (Serialized files now loaded: 0)
System memory in use before: 114.7 MB.
System memory in use after: 114.7 MB.

Unloading 10 unused Assets to reduce memory usage. Loaded Objects now: 1562.
Total: 2.222729 ms (FindLiveObjects: 0.168707 ms CreateObjectMapping: 0.038393 ms MarkObjects: 1.886710 ms  DeleteObjects: 0.127151 ms)

========================================================================
Received Import Request.
  path: Assets/Scripts/Follower.cs
  artifactKey: Guid(72349d9130a784b9091d0fd82f440aed) Importer(815301076,1909f56bfc062723c751e8b465ee728b)
Start importing Assets/Scripts/Follower.cs using Guid(72349d9130a784b9091d0fd82f440aed) Importer(815301076,1909f56bfc062723c751e8b465ee728b)  -> (artifact id: '23d2d2c4677c8a60708ddf3c59d57d0e') in 0.522864 seconds
  Import took 0.527841 seconds .

========================================================================
Received Import Request.
  Time since last request: 0.000230 seconds.
  path: Assets/Scripts/MoveTrain.cs
  artifactKey: Guid(0127bd8839e884e5c9aa1257e60f06e8) Importer(815301076,1909f56bfc062723c751e8b465ee728b)
Start importing Assets/Scripts/MoveTrain.cs using Guid(0127bd8839e884e5c9aa1257e60f06e8) Importer(815301076,1909f56bfc062723c751e8b465ee728b)  -> (artifact id: '18406a31d9b039137446f1390dc937d1') in 0.004586 seconds
  Import took 0.007328 seconds .

========================================================================
Received Prepare
Registering precompiled user dll's ...
Registered in 0.000500 seconds.
Begin MonoManager ReloadAssembly
Native extension for OSXStandalone target not found
Refreshing native plugins compatible for Editor in 0.25 ms, found 1 plugins.
Preloading 0 native plugins for Editor in 0.00 ms.
Invoked RoslynAnalysisRunner static constructor.
RoslynAnalysisRunner will not be running.
RoslynAnalysisRunner has terminated.
Mono: successfully reloaded assembly
- Completed reload, in  1.101 seconds
Platform modules already initialized, skipping
Refreshing native plugins compatible for Editor in 0.23 ms, found 1 plugins.
Preloading 0 native plugins for Editor in 0.00 ms.
Unloading 1117 Unused Serialized files (Serialized files now loaded: 0)
System memory in use before: 119.8 MB.
System memory in use after: 119.8 MB.

Unloading 5 unused Assets to reduce memory usage. Loaded Objects now: 1564.
Total: 1.648877 ms (FindLiveObjects: 0.127329 ms CreateObjectMapping: 0.058125 ms MarkObjects: 1.401260 ms  DeleteObjects: 0.061000 ms)

